<?xml version="1.0" encoding="UTF-8"?>
<!-- Generated by org.testng.reporters.JUnitReportReporter -->
<testsuite hostname="Somashekars-iMac.local" failures="0" tests="3" name="com.nucot.qa.hrm.pagetests.HomePageTest" time="0.000" errors="0" timestamp="2024-03-24T09:45:57 IST" skipped="3">
  <testcase classname="com.nucot.qa.hrm.pagetests.HomePageTest" name="homePageUrlTest" time="0.000">
    <skipped/>
  </testcase> <!-- homePageUrlTest -->
  <testcase classname="com.nucot.qa.hrm.pagetests.HomePageTest" name="homePageTitleTest" time="0.000">
    <skipped/>
  </testcase> <!-- homePageTitleTest -->
  <testcase classname="com.nucot.qa.hrm.pagetests.HomePageTest" name="systemUserDetailsTest" time="0.000">
    <skipped/>
  </testcase> <!-- systemUserDetailsTest -->
</testsuite> <!-- com.nucot.qa.hrm.pagetests.HomePageTest -->
