<?xml version="1.0" encoding="UTF-8"?>
<!-- Generated by org.testng.reporters.JUnitReportReporter -->
<testsuite hostname="Somashekars-iMac.local" failures="0" tests="3" name="com.nucot.qa.hrm.pagetests.LoginPageTest" time="0.001" errors="0" timestamp="2024-03-24T09:45:57 IST" skipped="3">
  <testcase classname="com.nucot.qa.hrm.pagetests.LoginPageTest" name="loginPageCurrentUrl" time="0.001">
    <skipped/>
  </testcase> <!-- loginPageCurrentUrl -->
  <testcase classname="com.nucot.qa.hrm.pagetests.LoginPageTest" name="loginPageTitle" time="0.000">
    <skipped/>
  </testcase> <!-- loginPageTitle -->
  <testcase classname="com.nucot.qa.hrm.pagetests.LoginPageTest" name="doLoginPageTest" time="0.000">
    <skipped/>
  </testcase> <!-- doLoginPageTest -->
</testsuite> <!-- com.nucot.qa.hrm.pagetests.LoginPageTest -->
